<?xml version="1.0" encoding="UTF-8"?>
<testsuite xmlns:xsi="http://www.w3.org/2001/XMLSchema-instance" xsi:noNamespaceSchemaLocation="https://maven.apache.org/surefire/maven-surefire-plugin/xsd/surefire-test-report.xsd" name="mflix.lessons.ChangeStreams" time="17.197" tests="8" errors="8" skipped="0" failures="0">
  <properties>
[...]
</properties>
  <testcase name="testWatchAllUpdates" classname="mflix.lessons.ChangeStreams" time="5.009">
    <error message="Command failed with error 8000 (AtlasError): &apos;user is not allowed to do action [find] on [sample_mflix.comments]&apos; on server cluster0-shard-00-02.zdcig.mongodb.net:27017. The full response is { &quot;ok&quot; : 0, &quot;errmsg&quot; : &quot;user is not allowed to do action [find] on [sample_mflix.comments]&quot;, &quot;code&quot; : 8000, &quot;codeName&quot; : &quot;AtlasError&quot; }" type="com.mongodb.MongoCommandException">com.mongodb.MongoCommandException: Command failed with error 8000 (AtlasError): 'user is not allowed to do action [find] on [sample_mflix.comments]' on server cluster0-shard-00-02.zdcig.mongodb.net:27017. The full response is { "ok" : 0, "errmsg" : "user is not allowed to do action [find] on [sample_mflix.comments]", "code" : 8000, "codeName" : "AtlasError" }
	at mflix.lessons.ChangeStreams.testWatchAllUpdates(ChangeStreams.java:190)
</error>
    <system-err><![CDATA[Exception in thread "Thread-0" com.mongodb.MongoCommandException: Command failed with error 8000 (AtlasError): 'user is not allowed to do action [insert] on [sample_mflix.comments]' on server cluster0-shard-00-02.zdcig.mongodb.net:27017. The full response is { "ok" : 0, "errmsg" : "user is not allowed to do action [insert] on [sample_mflix.comments]", "code" : 8000, "codeName" : "AtlasError" }
	at com.mongodb.internal.connection.ProtocolHelper.getCommandFailureException(ProtocolHelper.java:179)
	at com.mongodb.internal.connection.InternalStreamConnection.receiveCommandMessageResponse(InternalStreamConnection.java:299)
	at com.mongodb.internal.connection.InternalStreamConnection.sendAndReceive(InternalStreamConnection.java:255)
	at com.mongodb.internal.connection.UsageTrackingInternalConnection.sendAndReceive(UsageTrackingInternalConnection.java:99)
	at com.mongodb.internal.connection.DefaultConnectionPool$PooledConnection.sendAndReceive(DefaultConnectionPool.java:444)
	at com.mongodb.internal.connection.CommandProtocolImpl.execute(CommandProtocolImpl.java:72)
	at com.mongodb.internal.connection.DefaultServer$DefaultServerProtocolExecutor.execute(DefaultServer.java:200)
	at com.mongodb.internal.connection.DefaultServerConnection.executeProtocol(DefaultServerConnection.java:269)
	at com.mongodb.internal.connection.DefaultServerConnection.command(DefaultServerConnection.java:131)
	at com.mongodb.operation.MixedBulkWriteOperation.executeCommand(MixedBulkWriteOperation.java:419)
	at com.mongodb.operation.MixedBulkWriteOperation.executeBulkWriteBatch(MixedBulkWriteOperation.java:257)
	at com.mongodb.operation.MixedBulkWriteOperation.access$700(MixedBulkWriteOperation.java:68)
	at com.mongodb.operation.MixedBulkWriteOperation$1.call(MixedBulkWriteOperation.java:201)
	at com.mongodb.operation.MixedBulkWriteOperation$1.call(MixedBulkWriteOperation.java:192)
	at com.mongodb.operation.OperationHelper.withReleasableConnection(OperationHelper.java:424)
	at com.mongodb.operation.MixedBulkWriteOperation.execute(MixedBulkWriteOperation.java:192)
	at com.mongodb.operation.MixedBulkWriteOperation.execute(MixedBulkWriteOperation.java:67)
	at com.mongodb.client.internal.MongoClientDelegate$DelegateOperationExecutor.execute(MongoClientDelegate.java:193)
	at com.mongodb.client.internal.MongoCollectionImpl.executeSingleWriteRequest(MongoCollectionImpl.java:960)
	at com.mongodb.client.internal.MongoCollectionImpl.executeInsertOne(MongoCollectionImpl.java:494)
	at com.mongodb.client.internal.MongoCollectionImpl.insertOne(MongoCollectionImpl.java:478)
	at com.mongodb.client.internal.MongoCollectionImpl.insertOne(MongoCollectionImpl.java:472)
	at mflix.lessons.utils.ChangeStreamsInsertAndUpdate.insertAndUpdate(ChangeStreamsInsertAndUpdate.java:28)
	at mflix.lessons.utils.ChangeStreamsInsertAndUpdate.run(ChangeStreamsInsertAndUpdate.java:18)
	at java.base/java.lang.Thread.run(Thread.java:832)
]]></system-err>
  </testcase>
  <testcase name="testWatchAllUpdates" classname="mflix.lessons.ChangeStreams" time="5.01">
    <error message="Command failed with error 8000 (AtlasError): &apos;user is not allowed to do action [remove] on [sample_mflix.comments]&apos; on server cluster0-shard-00-02.zdcig.mongodb.net:27017. The full response is { &quot;ok&quot; : 0, &quot;errmsg&quot; : &quot;user is not allowed to do action [remove] on [sample_mflix.comments]&quot;, &quot;code&quot; : 8000, &quot;codeName&quot; : &quot;AtlasError&quot; }" type="com.mongodb.MongoCommandException">com.mongodb.MongoCommandException: Command failed with error 8000 (AtlasError): 'user is not allowed to do action [remove] on [sample_mflix.comments]' on server cluster0-shard-00-02.zdcig.mongodb.net:27017. The full response is { "ok" : 0, "errmsg" : "user is not allowed to do action [remove] on [sample_mflix.comments]", "code" : 8000, "codeName" : "AtlasError" }
	at mflix.lessons.ChangeStreams.tearDown(ChangeStreams.java:261)
</error>
  </testcase>
  <testcase name="testWatchAllEvenInserts" classname="mflix.lessons.ChangeStreams" time="3.866">
    <error message="Command failed with error 8000 (AtlasError): &apos;user is not allowed to do action [find] on [sample_mflix.comments]&apos; on server cluster0-shard-00-02.zdcig.mongodb.net:27017. The full response is { &quot;ok&quot; : 0, &quot;errmsg&quot; : &quot;user is not allowed to do action [find] on [sample_mflix.comments]&quot;, &quot;code&quot; : 8000, &quot;codeName&quot; : &quot;AtlasError&quot; }" type="com.mongodb.MongoCommandException">com.mongodb.MongoCommandException: Command failed with error 8000 (AtlasError): 'user is not allowed to do action [find] on [sample_mflix.comments]' on server cluster0-shard-00-02.zdcig.mongodb.net:27017. The full response is { "ok" : 0, "errmsg" : "user is not allowed to do action [find] on [sample_mflix.comments]", "code" : 8000, "codeName" : "AtlasError" }
	at mflix.lessons.ChangeStreams.testWatchAllEvenInserts(ChangeStreams.java:151)
</error>
    <system-err><![CDATA[Exception in thread "Thread-1" com.mongodb.MongoCommandException: Command failed with error 8000 (AtlasError): 'user is not allowed to do action [insert] on [sample_mflix.comments]' on server cluster0-shard-00-02.zdcig.mongodb.net:27017. The full response is { "ok" : 0, "errmsg" : "user is not allowed to do action [insert] on [sample_mflix.comments]", "code" : 8000, "codeName" : "AtlasError" }
	at com.mongodb.internal.connection.ProtocolHelper.getCommandFailureException(ProtocolHelper.java:179)
	at com.mongodb.internal.connection.InternalStreamConnection.receiveCommandMessageResponse(InternalStreamConnection.java:299)
	at com.mongodb.internal.connection.InternalStreamConnection.sendAndReceive(InternalStreamConnection.java:255)
	at com.mongodb.internal.connection.UsageTrackingInternalConnection.sendAndReceive(UsageTrackingInternalConnection.java:99)
	at com.mongodb.internal.connection.DefaultConnectionPool$PooledConnection.sendAndReceive(DefaultConnectionPool.java:444)
	at com.mongodb.internal.connection.CommandProtocolImpl.execute(CommandProtocolImpl.java:72)
	at com.mongodb.internal.connection.DefaultServer$DefaultServerProtocolExecutor.execute(DefaultServer.java:200)
	at com.mongodb.internal.connection.DefaultServerConnection.executeProtocol(DefaultServerConnection.java:269)
	at com.mongodb.internal.connection.DefaultServerConnection.command(DefaultServerConnection.java:131)
	at com.mongodb.operation.MixedBulkWriteOperation.executeCommand(MixedBulkWriteOperation.java:419)
	at com.mongodb.operation.MixedBulkWriteOperation.executeBulkWriteBatch(MixedBulkWriteOperation.java:257)
	at com.mongodb.operation.MixedBulkWriteOperation.access$700(MixedBulkWriteOperation.java:68)
	at com.mongodb.operation.MixedBulkWriteOperation$1.call(MixedBulkWriteOperation.java:201)
	at com.mongodb.operation.MixedBulkWriteOperation$1.call(MixedBulkWriteOperation.java:192)
	at com.mongodb.operation.OperationHelper.withReleasableConnection(OperationHelper.java:424)
	at com.mongodb.operation.MixedBulkWriteOperation.execute(MixedBulkWriteOperation.java:192)
	at com.mongodb.operation.MixedBulkWriteOperation.execute(MixedBulkWriteOperation.java:67)
	at com.mongodb.client.internal.MongoClientDelegate$DelegateOperationExecutor.execute(MongoClientDelegate.java:193)
	at com.mongodb.client.internal.MongoCollectionImpl.executeSingleWriteRequest(MongoCollectionImpl.java:960)
	at com.mongodb.client.internal.MongoCollectionImpl.executeInsertOne(MongoCollectionImpl.java:494)
	at com.mongodb.client.internal.MongoCollectionImpl.insertOne(MongoCollectionImpl.java:478)
	at com.mongodb.client.internal.MongoCollectionImpl.insertOne(MongoCollectionImpl.java:472)
	at mflix.lessons.utils.ChangeStreamsInsertAndUpdate.insertAndUpdate(ChangeStreamsInsertAndUpdate.java:28)
	at mflix.lessons.utils.ChangeStreamsInsertAndUpdate.run(ChangeStreamsInsertAndUpdate.java:18)
	at java.base/java.lang.Thread.run(Thread.java:832)
]]></system-err>
  </testcase>
  <testcase name="testWatchAllEvenInserts" classname="mflix.lessons.ChangeStreams" time="3.867">
    <error message="Command failed with error 8000 (AtlasError): &apos;user is not allowed to do action [remove] on [sample_mflix.comments]&apos; on server cluster0-shard-00-02.zdcig.mongodb.net:27017. The full response is { &quot;ok&quot; : 0, &quot;errmsg&quot; : &quot;user is not allowed to do action [remove] on [sample_mflix.comments]&quot;, &quot;code&quot; : 8000, &quot;codeName&quot; : &quot;AtlasError&quot; }" type="com.mongodb.MongoCommandException">com.mongodb.MongoCommandException: Command failed with error 8000 (AtlasError): 'user is not allowed to do action [remove] on [sample_mflix.comments]' on server cluster0-shard-00-02.zdcig.mongodb.net:27017. The full response is { "ok" : 0, "errmsg" : "user is not allowed to do action [remove] on [sample_mflix.comments]", "code" : 8000, "codeName" : "AtlasError" }
	at mflix.lessons.ChangeStreams.tearDown(ChangeStreams.java:261)
</error>
  </testcase>
  <testcase name="testWatchFieldUpdates" classname="mflix.lessons.ChangeStreams" time="3.616">
    <error message="Command failed with error 8000 (AtlasError): &apos;user is not allowed to do action [find] on [sample_mflix.comments]&apos; on server cluster0-shard-00-02.zdcig.mongodb.net:27017. The full response is { &quot;ok&quot; : 0, &quot;errmsg&quot; : &quot;user is not allowed to do action [find] on [sample_mflix.comments]&quot;, &quot;code&quot; : 8000, &quot;codeName&quot; : &quot;AtlasError&quot; }" type="com.mongodb.MongoCommandException">com.mongodb.MongoCommandException: Command failed with error 8000 (AtlasError): 'user is not allowed to do action [find] on [sample_mflix.comments]' on server cluster0-shard-00-02.zdcig.mongodb.net:27017. The full response is { "ok" : 0, "errmsg" : "user is not allowed to do action [find] on [sample_mflix.comments]", "code" : 8000, "codeName" : "AtlasError" }
	at mflix.lessons.ChangeStreams.testWatchFieldUpdates(ChangeStreams.java:232)
</error>
    <system-err><![CDATA[Exception in thread "Thread-2" com.mongodb.MongoCommandException: Command failed with error 8000 (AtlasError): 'user is not allowed to do action [insert] on [sample_mflix.comments]' on server cluster0-shard-00-02.zdcig.mongodb.net:27017. The full response is { "ok" : 0, "errmsg" : "user is not allowed to do action [insert] on [sample_mflix.comments]", "code" : 8000, "codeName" : "AtlasError" }
	at com.mongodb.internal.connection.ProtocolHelper.getCommandFailureException(ProtocolHelper.java:179)
	at com.mongodb.internal.connection.InternalStreamConnection.receiveCommandMessageResponse(InternalStreamConnection.java:299)
	at com.mongodb.internal.connection.InternalStreamConnection.sendAndReceive(InternalStreamConnection.java:255)
	at com.mongodb.internal.connection.UsageTrackingInternalConnection.sendAndReceive(UsageTrackingInternalConnection.java:99)
	at com.mongodb.internal.connection.DefaultConnectionPool$PooledConnection.sendAndReceive(DefaultConnectionPool.java:444)
	at com.mongodb.internal.connection.CommandProtocolImpl.execute(CommandProtocolImpl.java:72)
	at com.mongodb.internal.connection.DefaultServer$DefaultServerProtocolExecutor.execute(DefaultServer.java:200)
	at com.mongodb.internal.connection.DefaultServerConnection.executeProtocol(DefaultServerConnection.java:269)
	at com.mongodb.internal.connection.DefaultServerConnection.command(DefaultServerConnection.java:131)
	at com.mongodb.operation.MixedBulkWriteOperation.executeCommand(MixedBulkWriteOperation.java:419)
	at com.mongodb.operation.MixedBulkWriteOperation.executeBulkWriteBatch(MixedBulkWriteOperation.java:257)
	at com.mongodb.operation.MixedBulkWriteOperation.access$700(MixedBulkWriteOperation.java:68)
	at com.mongodb.operation.MixedBulkWriteOperation$1.call(MixedBulkWriteOperation.java:201)
	at com.mongodb.operation.MixedBulkWriteOperation$1.call(MixedBulkWriteOperation.java:192)
	at com.mongodb.operation.OperationHelper.withReleasableConnection(OperationHelper.java:424)
	at com.mongodb.operation.MixedBulkWriteOperation.execute(MixedBulkWriteOperation.java:192)
	at com.mongodb.operation.MixedBulkWriteOperation.execute(MixedBulkWriteOperation.java:67)
	at com.mongodb.client.internal.MongoClientDelegate$DelegateOperationExecutor.execute(MongoClientDelegate.java:193)
	at com.mongodb.client.internal.MongoCollectionImpl.executeSingleWriteRequest(MongoCollectionImpl.java:960)
	at com.mongodb.client.internal.MongoCollectionImpl.executeInsertOne(MongoCollectionImpl.java:494)
	at com.mongodb.client.internal.MongoCollectionImpl.insertOne(MongoCollectionImpl.java:478)
	at com.mongodb.client.internal.MongoCollectionImpl.insertOne(MongoCollectionImpl.java:472)
	at mflix.lessons.utils.ChangeStreamsInsertAndUpdate.insertAndUpdate(ChangeStreamsInsertAndUpdate.java:28)
	at mflix.lessons.utils.ChangeStreamsInsertAndUpdate.run(ChangeStreamsInsertAndUpdate.java:18)
	at java.base/java.lang.Thread.run(Thread.java:832)
]]></system-err>
  </testcase>
  <testcase name="testWatchFieldUpdates" classname="mflix.lessons.ChangeStreams" time="3.617">
    <error message="Command failed with error 8000 (AtlasError): &apos;user is not allowed to do action [remove] on [sample_mflix.comments]&apos; on server cluster0-shard-00-02.zdcig.mongodb.net:27017. The full response is { &quot;ok&quot; : 0, &quot;errmsg&quot; : &quot;user is not allowed to do action [remove] on [sample_mflix.comments]&quot;, &quot;code&quot; : 8000, &quot;codeName&quot; : &quot;AtlasError&quot; }" type="com.mongodb.MongoCommandException">com.mongodb.MongoCommandException: Command failed with error 8000 (AtlasError): 'user is not allowed to do action [remove] on [sample_mflix.comments]' on server cluster0-shard-00-02.zdcig.mongodb.net:27017. The full response is { "ok" : 0, "errmsg" : "user is not allowed to do action [remove] on [sample_mflix.comments]", "code" : 8000, "codeName" : "AtlasError" }
	at mflix.lessons.ChangeStreams.tearDown(ChangeStreams.java:261)
</error>
  </testcase>
  <testcase name="testWhatchAllInserts" classname="mflix.lessons.ChangeStreams" time="3.608">
    <error message="Command failed with error 8000 (AtlasError): &apos;user is not allowed to do action [find] on [sample_mflix.comments]&apos; on server cluster0-shard-00-02.zdcig.mongodb.net:27017. The full response is { &quot;ok&quot; : 0, &quot;errmsg&quot; : &quot;user is not allowed to do action [find] on [sample_mflix.comments]&quot;, &quot;code&quot; : 8000, &quot;codeName&quot; : &quot;AtlasError&quot; }" type="com.mongodb.MongoCommandException">com.mongodb.MongoCommandException: Command failed with error 8000 (AtlasError): 'user is not allowed to do action [find] on [sample_mflix.comments]' on server cluster0-shard-00-02.zdcig.mongodb.net:27017. The full response is { "ok" : 0, "errmsg" : "user is not allowed to do action [find] on [sample_mflix.comments]", "code" : 8000, "codeName" : "AtlasError" }
	at mflix.lessons.ChangeStreams.testWhatchAllInserts(ChangeStreams.java:96)
</error>
    <system-err><![CDATA[Exception in thread "Thread-3" com.mongodb.MongoCommandException: Command failed with error 8000 (AtlasError): 'user is not allowed to do action [insert] on [sample_mflix.comments]' on server cluster0-shard-00-02.zdcig.mongodb.net:27017. The full response is { "ok" : 0, "errmsg" : "user is not allowed to do action [insert] on [sample_mflix.comments]", "code" : 8000, "codeName" : "AtlasError" }
	at com.mongodb.internal.connection.ProtocolHelper.getCommandFailureException(ProtocolHelper.java:179)
	at com.mongodb.internal.connection.InternalStreamConnection.receiveCommandMessageResponse(InternalStreamConnection.java:299)
	at com.mongodb.internal.connection.InternalStreamConnection.sendAndReceive(InternalStreamConnection.java:255)
	at com.mongodb.internal.connection.UsageTrackingInternalConnection.sendAndReceive(UsageTrackingInternalConnection.java:99)
	at com.mongodb.internal.connection.DefaultConnectionPool$PooledConnection.sendAndReceive(DefaultConnectionPool.java:444)
	at com.mongodb.internal.connection.CommandProtocolImpl.execute(CommandProtocolImpl.java:72)
	at com.mongodb.internal.connection.DefaultServer$DefaultServerProtocolExecutor.execute(DefaultServer.java:200)
	at com.mongodb.internal.connection.DefaultServerConnection.executeProtocol(DefaultServerConnection.java:269)
	at com.mongodb.internal.connection.DefaultServerConnection.command(DefaultServerConnection.java:131)
	at com.mongodb.operation.MixedBulkWriteOperation.executeCommand(MixedBulkWriteOperation.java:419)
	at com.mongodb.operation.MixedBulkWriteOperation.executeBulkWriteBatch(MixedBulkWriteOperation.java:257)
	at com.mongodb.operation.MixedBulkWriteOperation.access$700(MixedBulkWriteOperation.java:68)
	at com.mongodb.operation.MixedBulkWriteOperation$1.call(MixedBulkWriteOperation.java:201)
	at com.mongodb.operation.MixedBulkWriteOperation$1.call(MixedBulkWriteOperation.java:192)
	at com.mongodb.operation.OperationHelper.withReleasableConnection(OperationHelper.java:424)
	at com.mongodb.operation.MixedBulkWriteOperation.execute(MixedBulkWriteOperation.java:192)
	at com.mongodb.operation.MixedBulkWriteOperation.execute(MixedBulkWriteOperation.java:67)
	at com.mongodb.client.internal.MongoClientDelegate$DelegateOperationExecutor.execute(MongoClientDelegate.java:193)
	at com.mongodb.client.internal.MongoCollectionImpl.executeSingleWriteRequest(MongoCollectionImpl.java:960)
	at com.mongodb.client.internal.MongoCollectionImpl.executeInsertOne(MongoCollectionImpl.java:494)
	at com.mongodb.client.internal.MongoCollectionImpl.insertOne(MongoCollectionImpl.java:478)
	at com.mongodb.client.internal.MongoCollectionImpl.insertOne(MongoCollectionImpl.java:472)
	at mflix.lessons.utils.ChangeStreamsInsertAndUpdate.insertAndUpdate(ChangeStreamsInsertAndUpdate.java:28)
	at mflix.lessons.utils.ChangeStreamsInsertAndUpdate.run(ChangeStreamsInsertAndUpdate.java:18)
	at java.base/java.lang.Thread.run(Thread.java:832)
]]></system-err>
  </testcase>
  <testcase name="testWhatchAllInserts" classname="mflix.lessons.ChangeStreams" time="3.609">
    <error message="Command failed with error 8000 (AtlasError): &apos;user is not allowed to do action [remove] on [sample_mflix.comments]&apos; on server cluster0-shard-00-02.zdcig.mongodb.net:27017. The full response is { &quot;ok&quot; : 0, &quot;errmsg&quot; : &quot;user is not allowed to do action [remove] on [sample_mflix.comments]&quot;, &quot;code&quot; : 8000, &quot;codeName&quot; : &quot;AtlasError&quot; }" type="com.mongodb.MongoCommandException">com.mongodb.MongoCommandException: Command failed with error 8000 (AtlasError): 'user is not allowed to do action [remove] on [sample_mflix.comments]' on server cluster0-shard-00-02.zdcig.mongodb.net:27017. The full response is { "ok" : 0, "errmsg" : "user is not allowed to do action [remove] on [sample_mflix.comments]", "code" : 8000, "codeName" : "AtlasError" }
	at mflix.lessons.ChangeStreams.tearDown(ChangeStreams.java:261)
</error>
  </testcase>
</testsuite>